  Game.cpp
C:\Users\pedro\source\repos\ProjectY\Game.cpp(123,36): warning C4244: 'argumento': conversão de 'int' para 'float', possível perda de dados
C:\Users\pedro\source\repos\ProjectY\Game.cpp(130,15): warning C4244: 'argumento': conversão de 'double' para 'const unsigned __int64', possível perda de dados
C:\Users\pedro\source\repos\ProjectY\Game.cpp(138,43): warning C4244: 'argumento': conversão de 'int' para 'float', possível perda de dados
C:\Users\pedro\source\repos\ProjectY\Game.cpp(169,22): warning C4244: 'argumento': conversão de 'int' para 'float', possível perda de dados
C:\Users\pedro\source\repos\ProjectY\Game.cpp(240,100): warning C4244: 'argumento': conversão de 'T' para 'T', possível perda de dados
C:\Users\pedro\source\repos\ProjectY\Game.cpp(240,100): warning C4244:         with
C:\Users\pedro\source\repos\ProjectY\Game.cpp(240,100): warning C4244:         [
C:\Users\pedro\source\repos\ProjectY\Game.cpp(240,100): warning C4244:             T=unsigned int
C:\Users\pedro\source\repos\ProjectY\Game.cpp(240,100): warning C4244:         ]
C:\Users\pedro\source\repos\ProjectY\Game.cpp(240,100): warning C4244:         and
C:\Users\pedro\source\repos\ProjectY\Game.cpp(240,100): warning C4244:         [
C:\Users\pedro\source\repos\ProjectY\Game.cpp(240,100): warning C4244:             T=float
C:\Users\pedro\source\repos\ProjectY\Game.cpp(240,100): warning C4244:         ]
C:\Users\pedro\source\repos\ProjectY\Game.cpp(240,73): warning C4244: 'argumento': conversão de 'T' para 'T', possível perda de dados
C:\Users\pedro\source\repos\ProjectY\Game.cpp(240,73): warning C4244:         with
C:\Users\pedro\source\repos\ProjectY\Game.cpp(240,73): warning C4244:         [
C:\Users\pedro\source\repos\ProjectY\Game.cpp(240,73): warning C4244:             T=unsigned int
C:\Users\pedro\source\repos\ProjectY\Game.cpp(240,73): warning C4244:         ]
C:\Users\pedro\source\repos\ProjectY\Game.cpp(240,73): warning C4244:         and
C:\Users\pedro\source\repos\ProjectY\Game.cpp(240,73): warning C4244:         [
C:\Users\pedro\source\repos\ProjectY\Game.cpp(240,73): warning C4244:             T=float
C:\Users\pedro\source\repos\ProjectY\Game.cpp(240,73): warning C4244:         ]
C:\Users\pedro\source\repos\ProjectY\Game.cpp(242,21): warning C4244: 'argumento': conversão de 'int' para 'float', possível perda de dados
C:\Users\pedro\source\repos\ProjectY\Game.cpp(247,76): warning C4244: 'argumento': conversão de 'T' para 'int', possível perda de dados
C:\Users\pedro\source\repos\ProjectY\Game.cpp(247,76): warning C4244:         with
C:\Users\pedro\source\repos\ProjectY\Game.cpp(247,76): warning C4244:         [
C:\Users\pedro\source\repos\ProjectY\Game.cpp(247,76): warning C4244:             T=float
C:\Users\pedro\source\repos\ProjectY\Game.cpp(247,76): warning C4244:         ]
C:\Users\pedro\source\repos\ProjectY\Game.cpp(254,27): warning C4244: '=': conversão de 'float' para 'int', possível perda de dados
  main.cpp
  Pet.cpp
C:\Users\pedro\source\repos\ProjectY\Pet.cpp(109,48): warning C4244: '=': conversão de 'T' para 'float', possível perda de dados
C:\Users\pedro\source\repos\ProjectY\Pet.cpp(109,48): warning C4244:         with
C:\Users\pedro\source\repos\ProjectY\Pet.cpp(109,48): warning C4244:         [
C:\Users\pedro\source\repos\ProjectY\Pet.cpp(109,48): warning C4244:             T=unsigned int
C:\Users\pedro\source\repos\ProjectY\Pet.cpp(109,48): warning C4244:         ]
  Player.cpp
C:\Users\pedro\source\repos\ProjectY\Player.cpp(58,39): warning C4244: 'argumento': conversão de 'float' para 'sf::Int32', possível perda de dados
C:\Users\pedro\source\repos\ProjectY\Player.cpp(241,60): warning C4244: 'argumento': conversão de 'const T' para 'int', possível perda de dados
C:\Users\pedro\source\repos\ProjectY\Player.cpp(241,60): warning C4244:         with
C:\Users\pedro\source\repos\ProjectY\Player.cpp(241,60): warning C4244:         [
C:\Users\pedro\source\repos\ProjectY\Player.cpp(241,60): warning C4244:             T=float
C:\Users\pedro\source\repos\ProjectY\Player.cpp(241,60): warning C4244:         ]
C:\Users\pedro\source\repos\ProjectY\Player.cpp(258,60): warning C4244: 'argumento': conversão de 'const T' para 'int', possível perda de dados
C:\Users\pedro\source\repos\ProjectY\Player.cpp(258,60): warning C4244:         with
C:\Users\pedro\source\repos\ProjectY\Player.cpp(258,60): warning C4244:         [
C:\Users\pedro\source\repos\ProjectY\Player.cpp(258,60): warning C4244:             T=float
C:\Users\pedro\source\repos\ProjectY\Player.cpp(258,60): warning C4244:         ]
  Gerando Código...
  ProjectY.vcxproj -> C:\Users\pedro\source\repos\ProjectY\x64\Debug\ProjectY.exe
  'pwsh.exe' não é reconhecido como um comando interno
  ou externo, um programa operável ou um arquivo em lotes.
